{"name": "testLogin", "status": "broken", "statusDetails": {"message": "selenium.common.exceptions.NoSuchElementException: Message: no such element: Unable to locate element: {\"method\":\"css selector\",\"selector\":\"[name=\"username\"]\"}\n  (Session info: chrome=120.0.6099.227); For documentation on this error, please visit: https://www.selenium.dev/documentation/webdriver/troubleshooting/errors#no-such-element-exception\nStacktrace:\n\tGetHandleVerifier [0x00007FF7ADC52142+3514994]\n\t(No symbol) [0x00007FF7AD870CE2]\n\t(No symbol) [0x00007FF7AD7176AA]\n\t(No symbol) [0x00007FF7AD761860]\n\t(No symbol) [0x00007FF7AD76197C]\n\t(No symbol) [0x00007FF7AD7A4EE7]\n\t(No symbol) [0x00007FF7AD78602F]\n\t(No symbol) [0x00007FF7AD7A28F6]\n\t(No symbol) [0x00007FF7AD785D93]\n\t(No symbol) [0x00007FF7AD754BDC]\n\t(No symbol) [0x00007FF7AD755C64]\n\tGetHandleVerifier [0x00007FF7ADC7E16B+3695259]\n\tGetHandleVerifier [0x00007FF7ADCD6737+4057191]\n\tGetHandleVerifier [0x00007FF7ADCCE4E3+4023827]\n\tGetHandleVerifier [0x00007FF7AD9A04F9+689705]\n\t(No symbol) [0x00007FF7AD87C048]\n\t(No symbol) [0x00007FF7AD878044]\n\t(No symbol) [0x00007FF7AD8781C9]\n\t(No symbol) [0x00007FF7AD8688C4]\n\tBaseThreadInitThunk [0x00007FF98564257D+29]\n\tRtlUserThreadStart [0x00007FF985AAAA58+40]", "trace": "self = <VEG_REC.tests.testRecipe testMethod=testLogin>\n\n    @allure.severity(allure.severity_level.CRITICAL)\n    def testLogin(self):\n        selenium = self.selenium\n        selenium.get('http://127.0.0.1:8000/recipes')\n    \n>       Username = selenium.find_element(by=By.NAME, value=\"username\")\n\ntests.py:118: \n_ _ _ _ _ _ _ _ _ _ _ _ _ _ _ _ _ _ _ _ _ _ _ _ _ _ _ _ _ _ _ _ _ _ _ _ _ _ _ _ _ _ _ _ _ _ _ _ _ _ _ _ _ _ _ _ _ _ _ _ _ _ _ _ _ _ _ _ _ _ _ _ _ _ _ _ _ _ _ _ _ _ _ _ _ _ _ _ _ _ _ _ _ _ _ _ _ _ _ _ _ _ _ _ _ _ _ _ _ _ _ _ _ \n..\\venv\\Lib\\site-packages\\selenium\\webdriver\\remote\\webdriver.py:741: in find_element\n    return self.execute(Command.FIND_ELEMENT, {\"using\": by, \"value\": value})[\"value\"]\n..\\venv\\Lib\\site-packages\\selenium\\webdriver\\remote\\webdriver.py:347: in execute\n    self.error_handler.check_response(response)\n_ _ _ _ _ _ _ _ _ _ _ _ _ _ _ _ _ _ _ _ _ _ _ _ _ _ _ _ _ _ _ _ _ _ _ _ _ _ _ _ _ _ _ _ _ _ _ _ _ _ _ _ _ _ _ _ _ _ _ _ _ _ _ _ _ _ _ _ _ _ _ _ _ _ _ _ _ _ _ _ _ _ _ _ _ _ _ _ _ _ _ _ _ _ _ _ _ _ _ _ _ _ _ _ _ _ _ _ _ _ _ _ _ \n\nself = <selenium.webdriver.remote.errorhandler.ErrorHandler object at 0x000001B55ED85B90>\nresponse = {'status': 404, 'value': '{\"value\":{\"error\":\"no such element\",\"message\":\"no such element: Unable to locate element: {\\...07FF7AD8688C4]\\\\n\\\\tBaseThreadInitThunk [0x00007FF98564257D+29]\\\\n\\\\tRtlUserThreadStart [0x00007FF985AAAA58+40]\\\\n\"}}'}\n\n    def check_response(self, response: Dict[str, Any]) -> None:\n        \"\"\"Checks that a JSON response from the WebDriver does not have an\n        error.\n    \n        :Args:\n         - response - The JSON response from the WebDriver server as a dictionary\n           object.\n    \n        :Raises: If the response contains an error message.\n        \"\"\"\n        status = response.get(\"status\", None)\n        if not status or status == ErrorCode.SUCCESS:\n            return\n        value = None\n        message = response.get(\"message\", \"\")\n        screen: str = response.get(\"screen\", \"\")\n        stacktrace = None\n        if isinstance(status, int):\n            value_json = response.get(\"value\", None)\n            if value_json and isinstance(value_json, str):\n                import json\n    \n                try:\n                    value = json.loads(value_json)\n                    if len(value) == 1:\n                        value = value[\"value\"]\n                    status = value.get(\"error\", None)\n                    if not status:\n                        status = value.get(\"status\", ErrorCode.UNKNOWN_ERROR)\n                        message = value.get(\"value\") or value.get(\"message\")\n                        if not isinstance(message, str):\n                            value = message\n                            message = message.get(\"message\")\n                    else:\n                        message = value.get(\"message\", None)\n                except ValueError:\n                    pass\n    \n        exception_class: Type[WebDriverException]\n        e = ErrorCode()\n        error_codes = [item for item in dir(e) if not item.startswith(\"__\")]\n        for error_code in error_codes:\n            error_info = getattr(ErrorCode, error_code)\n            if isinstance(error_info, list) and status in error_info:\n                exception_class = getattr(ExceptionMapping, error_code, WebDriverException)\n                break\n        else:\n            exception_class = WebDriverException\n    \n        if not value:\n            value = response[\"value\"]\n        if isinstance(value, str):\n            raise exception_class(value)\n        if message == \"\" and \"message\" in value:\n            message = value[\"message\"]\n    \n        screen = None  # type: ignore[assignment]\n        if \"screen\" in value:\n            screen = value[\"screen\"]\n    \n        stacktrace = None\n        st_value = value.get(\"stackTrace\") or value.get(\"stacktrace\")\n        if st_value:\n            if isinstance(st_value, str):\n                stacktrace = st_value.split(\"\\n\")\n            else:\n                stacktrace = []\n                try:\n                    for frame in st_value:\n                        line = frame.get(\"lineNumber\", \"\")\n                        file = frame.get(\"fileName\", \"<anonymous>\")\n                        if line:\n                            file = f\"{file}:{line}\"\n                        meth = frame.get(\"methodName\", \"<anonymous>\")\n                        if \"className\" in frame:\n                            meth = f\"{frame['className']}.{meth}\"\n                        msg = \"    at %s (%s)\"\n                        msg = msg % (meth, file)\n                        stacktrace.append(msg)\n                except TypeError:\n                    pass\n        if exception_class == UnexpectedAlertPresentException:\n            alert_text = None\n            if \"data\" in value:\n                alert_text = value[\"data\"].get(\"text\")\n            elif \"alert\" in value:\n                alert_text = value[\"alert\"].get(\"text\")\n            raise exception_class(message, screen, stacktrace, alert_text)  # type: ignore[call-arg]  # mypy is not smart enough here\n>       raise exception_class(message, screen, stacktrace)\nE       selenium.common.exceptions.NoSuchElementException: Message: no such element: Unable to locate element: {\"method\":\"css selector\",\"selector\":\"[name=\"username\"]\"}\nE         (Session info: chrome=120.0.6099.227); For documentation on this error, please visit: https://www.selenium.dev/documentation/webdriver/troubleshooting/errors#no-such-element-exception\nE       Stacktrace:\nE       \tGetHandleVerifier [0x00007FF7ADC52142+3514994]\nE       \t(No symbol) [0x00007FF7AD870CE2]\nE       \t(No symbol) [0x00007FF7AD7176AA]\nE       \t(No symbol) [0x00007FF7AD761860]\nE       \t(No symbol) [0x00007FF7AD76197C]\nE       \t(No symbol) [0x00007FF7AD7A4EE7]\nE       \t(No symbol) [0x00007FF7AD78602F]\nE       \t(No symbol) [0x00007FF7AD7A28F6]\nE       \t(No symbol) [0x00007FF7AD785D93]\nE       \t(No symbol) [0x00007FF7AD754BDC]\nE       \t(No symbol) [0x00007FF7AD755C64]\nE       \tGetHandleVerifier [0x00007FF7ADC7E16B+3695259]\nE       \tGetHandleVerifier [0x00007FF7ADCD6737+4057191]\nE       \tGetHandleVerifier [0x00007FF7ADCCE4E3+4023827]\nE       \tGetHandleVerifier [0x00007FF7AD9A04F9+689705]\nE       \t(No symbol) [0x00007FF7AD87C048]\nE       \t(No symbol) [0x00007FF7AD878044]\nE       \t(No symbol) [0x00007FF7AD8781C9]\nE       \t(No symbol) [0x00007FF7AD8688C4]\nE       \tBaseThreadInitThunk [0x00007FF98564257D+29]\nE       \tRtlUserThreadStart [0x00007FF985AAAA58+40]\n\n..\\venv\\Lib\\site-packages\\selenium\\webdriver\\remote\\errorhandler.py:229: NoSuchElementException"}, "attachments": [{"name": "stdout", "source": "4f088836-2d8f-4198-93e9-1520790da91a-attachment.txt", "type": "text/plain"}], "start": 1706429829949, "stop": 1706429833992, "uuid": "ce714d51-6425-477f-bd1a-c1c5773d5051", "historyId": "5356a4fae22344874e758e12ef46fdf4", "testCaseId": "5356a4fae22344874e758e12ef46fdf4", "fullName": "tests.testRecipe#testLogin", "labels": [{"name": "severity", "value": "critical"}, {"name": "suite", "value": "tests"}, {"name": "subSuite", "value": "testRecipe"}, {"name": "host", "value": "LAPTOP-85C54M6J"}, {"name": "thread", "value": "8676-MainThread"}, {"name": "framework", "value": "pytest"}, {"name": "language", "value": "cpython3"}, {"name": "package", "value": "tests"}]}